X.X.X.X - - [DD/Mon/YYYY:HH:MM:SS +0000] "GET /api/clips/12a85602-048f-4bf8-94c0-a90ce522779d/status HTTP/1.1" 200 101 "https://ganyiq.ganys.me/" "Mozilla/5.0 (Windows NT 10.0; Win64; x64) AppleWebKit/537.36 (KHTML, like Gecko) Chrome/X.X.X.X Safari/537.36"
X.X.X.X - - [DD/Mon/YYYY:HH:MM:SS +0000] "GET /api/clips/12a85602-048f-4bf8-94c0-a90ce522779d/status HTTP/1.1" 200 101 "https://ganyiq.ganys.me/" "Mozilla/5.0 (Windows NT 10.0; Win64; x64) AppleWebKit/537.36 (KHTML, like Gecko) Chrome/X.X.X.X Safari/537.36"
X.X.X.X - - [DD/Mon/YYYY:HH:MM:SS +0000] "GET /api/clips/12a85602-048f-4bf8-94c0-a90ce522779d/status HTTP/1.1" 200 101 "https://ganyiq.ganys.me/" "Mozilla/5.0 (Windows NT 10.0; Win64; x64) AppleWebKit/537.36 (KHTML, like Gecko) Chrome/X.X.X.X Safari/537.36"
X.X.X.X - - [DD/Mon/YYYY:HH:MM:SS +0000] "GET /api/clips/12a85602-048f-4bf8-94c0-a90ce522779d/status HTTP/1.1" 200 101 "https://ganyiq.ganys.me/" "Mozilla/5.0 (Windows NT 10.0; Win64; x64) AppleWebKit/537.36 (KHTML, like Gecko) Chrome/X.X.X.X Safari/537.36"
X.X.X.X - - [DD/Mon/YYYY:HH:MM:SS +0000] "GET /api/clips/12a85602-048f-4bf8-94c0-a90ce522779d/status HTTP/1.1" 200 101 "https://ganyiq.ganys.me/" "Mozilla/5.0 (Windows NT 10.0; Win64; x64) AppleWebKit/537.36 (KHTML, like Gecko) Chrome/X.X.X.X Safari/537.36"
X.X.X.X - - [DD/Mon/YYYY:HH:MM:SS +0000] "GET /api/clips/12a85602-048f-4bf8-94c0-a90ce522779d/status HTTP/1.1" 200 101 "https://ganyiq.ganys.me/" "Mozilla/5.0 (Windows NT 10.0; Win64; x64) AppleWebKit/537.36 (KHTML, like Gecko) Chrome/X.X.X.X Safari/537.36"
X.X.X.X - - [DD/Mon/YYYY:HH:MM:SS +0000] "GET /api/clips/12a85602-048f-4bf8-94c0-a90ce522779d/status HTTP/1.1" 200 101 "https://ganyiq.ganys.me/" "Mozilla/5.0 (Windows NT 10.0; Win64; x64) AppleWebKit/537.36 (KHTML, like Gecko) Chrome/X.X.X.X Safari/537.36"
X.X.X.X - - [DD/Mon/YYYY:HH:MM:SS +0000] "GET /api/clips/12a85602-048f-4bf8-94c0-a90ce522779d/status HTTP/1.1" 200 101 "https://ganyiq.ganys.me/" "Mozilla/5.0 (Windows NT 10.0; Win64; x64) AppleWebKit/537.36 (KHTML, like Gecko) Chrome/X.X.X.X Safari/537.36"
X.X.X.X - - [DD/Mon/YYYY:HH:MM:SS +0000] "GET /api/clips/12a85602-048f-4bf8-94c0-a90ce522779d/status HTTP/1.1" 200 101 "https://ganyiq.ganys.me/" "Mozilla/5.0 (Windows NT 10.0; Win64; x64) AppleWebKit/537.36 (KHTML, like Gecko) Chrome/X.X.X.X Safari/537.36"
X.X.X.X - - [DD/Mon/YYYY:HH:MM:SS +0000] "GET /api/clips/12a85602-048f-4bf8-94c0-a90ce522779d/status HTTP/1.1" 200 101 "https://ganyiq.ganys.me/" "Mozilla/5.0 (Windows NT 10.0; Win64; x64) AppleWebKit/537.36 (KHTML, like Gecko) Chrome/X.X.X.X Safari/537.36"
X.X.X.X - - [DD/Mon/YYYY:HH:MM:SS +0000] "GET /api/clips/12a85602-048f-4bf8-94c0-a90ce522779d/status HTTP/1.1" 200 101 "https://ganyiq.ganys.me/" "Mozilla/5.0 (Windows NT 10.0; Win64; x64) AppleWebKit/537.36 (KHTML, like Gecko) Chrome/X.X.X.X Safari/537.36"
X.X.X.X - - [DD/Mon/YYYY:HH:MM:SS +0000] "GET /api/clips/12a85602-048f-4bf8-94c0-a90ce522779d/status HTTP/1.1" 200 101 "https://ganyiq.ganys.me/" "Mozilla/5.0 (Windows NT 10.0; Win64; x64) AppleWebKit/537.36 (KHTML, like Gecko) Chrome/X.X.X.X Safari/537.36"
X.X.X.X - - [DD/Mon/YYYY:HH:MM:SS +0000] "GET /api/clips/12a85602-048f-4bf8-94c0-a90ce522779d/status HTTP/1.1" 200 101 "https://ganyiq.ganys.me/" "Mozilla/5.0 (Windows NT 10.0; Win64; x64) AppleWebKit/537.36 (KHTML, like Gecko) Chrome/X.X.X.X Safari/537.36"
X.X.X.X - - [DD/Mon/YYYY:HH:MM:SS +0000] "GET /api/clips/12a85602-048f-4bf8-94c0-a90ce522779d/status HTTP/1.1" 200 101 "https://ganyiq.ganys.me/" "Mozilla/5.0 (Windows NT 10.0; Win64; x64) AppleWebKit/537.36 (KHTML, like Gecko) Chrome/X.X.X.X Safari/537.36"
X.X.X.X - - [DD/Mon/YYYY:HH:MM:SS +0000] "GET /api/clips/12a85602-048f-4bf8-94c0-a90ce522779d/status HTTP/1.1" 200 101 "https://ganyiq.ganys.me/" "Mozilla/5.0 (Windows NT 10.0; Win64; x64) AppleWebKit/537.36 (KHTML, like Gecko) Chrome/X.X.X.X Safari/537.36"
X.X.X.X - - [DD/Mon/YYYY:HH:MM:SS +0000] "GET /api/clips/12a85602-048f-4bf8-94c0-a90ce522779d/status HTTP/1.1" 200 101 "https://ganyiq.ganys.me/" "Mozilla/5.0 (Windows NT 10.0; Win64; x64) AppleWebKit/537.36 (KHTML, like Gecko) Chrome/X.X.X.X Safari/537.36"
X.X.X.X - - [DD/Mon/YYYY:HH:MM:SS +0000] "GET /api/clips/12a85602-048f-4bf8-94c0-a90ce522779d/status HTTP/1.1" 200 101 "https://ganyiq.ganys.me/" "Mozilla/5.0 (Windows NT 10.0; Win64; x64) AppleWebKit/537.36 (KHTML, like Gecko) Chrome/X.X.X.X Safari/537.36"
X.X.X.X - - [DD/Mon/YYYY:HH:MM:SS +0000] "GET /api/clips/12a85602-048f-4bf8-94c0-a90ce522779d/status HTTP/1.1" 200 101 "https://ganyiq.ganys.me/" "Mozilla/5.0 (Windows NT 10.0; Win64; x64) AppleWebKit/537.36 (KHTML, like Gecko) Chrome/X.X.X.X Safari/537.36"
X.X.X.X - - [DD/Mon/YYYY:HH:MM:SS +0000] "GET /api/clips/12a85602-048f-4bf8-94c0-a90ce522779d/status HTTP/1.1" 200 101 "https://ganyiq.ganys.me/" "Mozilla/5.0 (Windows NT 10.0; Win64; x64) AppleWebKit/537.36 (KHTML, like Gecko) Chrome/X.X.X.X Safari/537.36"
X.X.X.X - - [DD/Mon/YYYY:HH:MM:SS +0000] "GET /api/clips/12a85602-048f-4bf8-94c0-a90ce522779d/status HTTP/1.1" 200 101 "https://ganyiq.ganys.me/" "Mozilla/5.0 (Windows NT 10.0; Win64; x64) AppleWebKit/537.36 (KHTML, like Gecko) Chrome/X.X.X.X Safari/537.36"
X.X.X.X - - [DD/Mon/YYYY:HH:MM:SS +0000] "GET /api/clips/12a85602-048f-4bf8-94c0-a90ce522779d/status HTTP/1.1" 200 101 "https://ganyiq.ganys.me/" "Mozilla/5.0 (Windows NT 10.0; Win64; x64) AppleWebKit/537.36 (KHTML, like Gecko) Chrome/X.X.X.X Safari/537.36"
X.X.X.X - - [DD/Mon/YYYY:HH:MM:SS +0000] "GET /api/clips/12a85602-048f-4bf8-94c0-a90ce522779d/status HTTP/1.1" 200 101 "https://ganyiq.ganys.me/" "Mozilla/5.0 (Windows NT 10.0; Win64; x64) AppleWebKit/537.36 (KHTML, like Gecko) Chrome/X.X.X.X Safari/537.36"
X.X.X.X - - [DD/Mon/YYYY:HH:MM:SS +0000] "GET /api/clips/12a85602-048f-4bf8-94c0-a90ce522779d/status HTTP/1.1" 200 101 "https://ganyiq.ganys.me/" "Mozilla/5.0 (Windows NT 10.0; Win64; x64) AppleWebKit/537.36 (KHTML, like Gecko) Chrome/X.X.X.X Safari/537.36"
X.X.X.X - - [DD/Mon/YYYY:HH:MM:SS +0000] "GET /api/clips/12a85602-048f-4bf8-94c0-a90ce522779d/status HTTP/1.1" 200 101 "https://ganyiq.ganys.me/" "Mozilla/5.0 (Windows NT 10.0; Win64; x64) AppleWebKit/537.36 (KHTML, like Gecko) Chrome/X.X.X.X Safari/537.36"
X.X.X.X - - [DD/Mon/YYYY:HH:MM:SS +0000] "GET /api/clips/12a85602-048f-4bf8-94c0-a90ce522779d/status HTTP/1.1" 200 101 "https://ganyiq.ganys.me/" "Mozilla/5.0 (Windows NT 10.0; Win64; x64) AppleWebKit/537.36 (KHTML, like Gecko) Chrome/X.X.X.X Safari/537.36"
X.X.X.X - - [DD/Mon/YYYY:HH:MM:SS +0000] "GET /api/clips/12a85602-048f-4bf8-94c0-a90ce522779d/status HTTP/1.1" 200 101 "https://ganyiq.ganys.me/" "Mozilla/5.0 (Windows NT 10.0; Win64; x64) AppleWebKit/537.36 (KHTML, like Gecko) Chrome/X.X.X.X Safari/537.36"
X.X.X.X - - [DD/Mon/YYYY:HH:MM:SS +0000] "GET /api/clips/12a85602-048f-4bf8-94c0-a90ce522779d/status HTTP/1.1" 200 101 "https://ganyiq.ganys.me/" "Mozilla/5.0 (Windows NT 10.0; Win64; x64) AppleWebKit/537.36 (KHTML, like Gecko) Chrome/X.X.X.X Safari/537.36"
X.X.X.X - - [DD/Mon/YYYY:HH:MM:SS +0000] "GET /api/clips/12a85602-048f-4bf8-94c0-a90ce522779d/status HTTP/1.1" 200 101 "https://ganyiq.ganys.me/" "Mozilla/5.0 (Windows NT 10.0; Win64; x64) AppleWebKit/537.36 (KHTML, like Gecko) Chrome/X.X.X.X Safari/537.36"
X.X.X.X - - [DD/Mon/YYYY:HH:MM:SS +0000] "GET /api/clips/12a85602-048f-4bf8-94c0-a90ce522779d/status HTTP/1.1" 200 101 "https://ganyiq.ganys.me/" "Mozilla/5.0 (Windows NT 10.0; Win64; x64) AppleWebKit/537.36 (KHTML, like Gecko) Chrome/X.X.X.X Safari/537.36"
X.X.X.X - - [DD/Mon/YYYY:HH:MM:SS +0000] "GET /api/clips/12a85602-048f-4bf8-94c0-a90ce522779d/status HTTP/1.1" 200 101 "https://ganyiq.ganys.me/" "Mozilla/5.0 (Windows NT 10.0; Win64; x64) AppleWebKit/537.36 (KHTML, like Gecko) Chrome/X.X.X.X Safari/537.36"
X.X.X.X - - [DD/Mon/YYYY:HH:MM:SS +0000] "GET /api/clips/12a85602-048f-4bf8-94c0-a90ce522779d/status HTTP/1.1" 200 101 "https://ganyiq.ganys.me/" "Mozilla/5.0 (Windows NT 10.0; Win64; x64) AppleWebKit/537.36 (KHTML, like Gecko) Chrome/X.X.X.X Safari/537.36"
X.X.X.X - - [DD/Mon/YYYY:HH:MM:SS +0000] "GET /api/clips/12a85602-048f-4bf8-94c0-a90ce522779d/status HTTP/1.1" 200 101 "https://ganyiq.ganys.me/" "Mozilla/5.0 (Windows NT 10.0; Win64; x64) AppleWebKit/537.36 (KHTML, like Gecko) Chrome/X.X.X.X Safari/537.36"
X.X.X.X - - [DD/Mon/YYYY:HH:MM:SS +0000] "GET /api/clips/12a85602-048f-4bf8-94c0-a90ce522779d/status HTTP/1.1" 200 101 "https://ganyiq.ganys.me/" "Mozilla/5.0 (Windows NT 10.0; Win64; x64) AppleWebKit/537.36 (KHTML, like Gecko) Chrome/X.X.X.X Safari/537.36"
X.X.X.X - - [DD/Mon/YYYY:HH:MM:SS +0000] "GET /api/clips/12a85602-048f-4bf8-94c0-a90ce522779d/status HTTP/1.1" 200 101 "https://ganyiq.ganys.me/" "Mozilla/5.0 (Windows NT 10.0; Win64; x64) AppleWebKit/537.36 (KHTML, like Gecko) Chrome/X.X.X.X Safari/537.36"
X.X.X.X - - [DD/Mon/YYYY:HH:MM:SS +0000] "GET /api/history HTTP/1.1" 200 695 "https://ganyiq.ganys.me/" "Mozilla/5.0 (Windows NT 10.0; Win64; x64) AppleWebKit/537.36 (KHTML, like Gecko) Chrome/X.X.X.X Safari/537.36"
X.X.X.X - - [DD/Mon/YYYY:HH:MM:SS +0000] "POST /api/analyze HTTP/1.1" 200 1304 "https://ganyiq.ganys.me/" "Mozilla/5.0 (Windows NT 10.0; Win64; x64) AppleWebKit/537.36 (KHTML, like Gecko) Chrome/X.X.X.X Safari/537.36"
X.X.X.X - - [DD/Mon/YYYY:HH:MM:SS +0000] "POST /api/clips HTTP/1.1" 201 79 "https://ganyiq.ganys.me/" "Mozilla/5.0 (Windows NT 10.0; Win64; x64) AppleWebKit/537.36 (KHTML, like Gecko) Chrome/X.X.X.X Safari/537.36"
X.X.X.X - - [DD/Mon/YYYY:HH:MM:SS +0000] "GET /api/clips/8e476318-0b5e-47c6-bd9b-418ba928b4f3/status HTTP/1.1" 200 98 "https://ganyiq.ganys.me/" "Mozilla/5.0 (Windows NT 10.0; Win64; x64) AppleWebKit/537.36 (KHTML, like Gecko) Chrome/X.X.X.X Safari/537.36"
X.X.X.X - - [DD/Mon/YYYY:HH:MM:SS +0000] "GET /api/clips/8e476318-0b5e-47c6-bd9b-418ba928b4f3/status HTTP/1.1" 200 98 "https://ganyiq.ganys.me/" "Mozilla/5.0 (Windows NT 10.0; Win64; x64) AppleWebKit/537.36 (KHTML, like Gecko) Chrome/X.X.X.X Safari/537.36"
X.X.X.X - - [DD/Mon/YYYY:HH:MM:SS +0000] "GET /api/clips/8e476318-0b5e-47c6-bd9b-418ba928b4f3/status HTTP/1.1" 200 176 "https://ganyiq.ganys.me/" "Mozilla/5.0 (Windows NT 10.0; Win64; x64) AppleWebKit/537.36 (KHTML, like Gecko) Chrome/X.X.X.X Safari/537.36"
X.X.X.X - - [DD/Mon/YYYY:HH:MM:SS +0000] "GET /clips/674cd0de-6fb0-473c-b4c4-63513a1a2864_1790s_1868s_landscape.mp4 HTTP/1.1" 200 5969608 "https://ganyiq.ganys.me/" "Mozilla/5.0 (Windows NT 10.0; Win64; x64) AppleWebKit/537.36 (KHTML, like Gecko) Chrome/X.X.X.X Safari/537.36"
X.X.X.X - - [DD/Mon/YYYY:HH:MM:SS +0000] "GET /api/history HTTP/1.1" 200 616 "https://ganyiq.ganys.me/" "Mozilla/5.0 (Windows NT 10.0; Win64; x64) AppleWebKit/537.36 (KHTML, like Gecko) Chrome/X.X.X.X Safari/537.36"
X.X.X.X - - [DD/Mon/YYYY:HH:MM:SS +0000] "GET /api/history/5dc896ac-a771-4f51-8492-29d20af713f2 HTTP/1.1" 200 1301 "https://ganyiq.ganys.me/" "Mozilla/5.0 (Windows NT 10.0; Win64; x64) AppleWebKit/537.36 (KHTML, like Gecko) Chrome/X.X.X.X Safari/537.36"
X.X.X.X - - [DD/Mon/YYYY:HH:MM:SS +0000] "POST /api/clips HTTP/1.1" 200 109 "https://ganyiq.ganys.me/" "Mozilla/5.0 (Windows NT 10.0; Win64; x64) AppleWebKit/537.36 (KHTML, like Gecko) Chrome/X.X.X.X Safari/537.36"
X.X.X.X - - [DD/Mon/YYYY:HH:MM:SS +0000] "GET /clips/ HTTP/1.1" 403 177 "https://ganyiq.ganys.me/" "Mozilla/5.0 (Windows NT 10.0; Win64; x64) AppleWebKit/537.36 (KHTML, like Gecko) Chrome/X.X.X.X Safari/537.36"
X.X.X.X - - [DD/Mon/YYYY:HH:MM:SS +0000] "POST /api/clips HTTP/1.1" 201 79 "https://ganyiq.ganys.me/" "Mozilla/5.0 (Windows NT 10.0; Win64; x64) AppleWebKit/537.36 (KHTML, like Gecko) Chrome/X.X.X.X Safari/537.36"
X.X.X.X - - [DD/Mon/YYYY:HH:MM:SS +0000] "GET /api/clips/996ca65f-7eba-4aca-9934-e500b8317e6d/status HTTP/1.1" 200 98 "https://ganyiq.ganys.me/" "Mozilla/5.0 (Windows NT 10.0; Win64; x64) AppleWebKit/537.36 (KHTML, like Gecko) Chrome/X.X.X.X Safari/537.36"
X.X.X.X - - [DD/Mon/YYYY:HH:MM:SS +0000] "GET /api/clips/996ca65f-7eba-4aca-9934-e500b8317e6d/status HTTP/1.1" 200 98 "https://ganyiq.ganys.me/" "Mozilla/5.0 (Windows NT 10.0; Win64; x64) AppleWebKit/537.36 (KHTML, like Gecko) Chrome/X.X.X.X Safari/537.36"
X.X.X.X - - [DD/Mon/YYYY:HH:MM:SS +0000] "GET /api/clips/996ca65f-7eba-4aca-9934-e500b8317e6d/status HTTP/1.1" 200 98 "https://ganyiq.ganys.me/" "Mozilla/5.0 (Windows NT 10.0; Win64; x64) AppleWebKit/537.36 (KHTML, like Gecko) Chrome/X.X.X.X Safari/537.36"
X.X.X.X - - [DD/Mon/YYYY:HH:MM:SS +0000] "GET /api/clips/996ca65f-7eba-4aca-9934-e500b8317e6d/status HTTP/1.1" 200 98 "https://ganyiq.ganys.me/" "Mozilla/5.0 (Windows NT 10.0; Win64; x64) AppleWebKit/537.36 (KHTML, like Gecko) Chrome/X.X.X.X Safari/537.36"
X.X.X.X - - [DD/Mon/YYYY:HH:MM:SS +0000] "GET /api/clips/996ca65f-7eba-4aca-9934-e500b8317e6d/status HTTP/1.1" 200 98 "https://ganyiq.ganys.me/" "Mozilla/5.0 (Windows NT 10.0; Win64; x64) AppleWebKit/537.36 (KHTML, like Gecko) Chrome/X.X.X.X Safari/537.36"
X.X.X.X - - [DD/Mon/YYYY:HH:MM:SS +0000] "GET /api/clips/996ca65f-7eba-4aca-9934-e500b8317e6d/status HTTP/1.1" 200 101 "https://ganyiq.ganys.me/" "Mozilla/5.0 (Windows NT 10.0; Win64; x64) AppleWebKit/537.36 (KHTML, like Gecko) Chrome/X.X.X.X Safari/537.36"
X.X.X.X - - [DD/Mon/YYYY:HH:MM:SS +0000] "GET /api/clips/996ca65f-7eba-4aca-9934-e500b8317e6d/status HTTP/1.1" 200 101 "https://ganyiq.ganys.me/" "Mozilla/5.0 (Windows NT 10.0; Win64; x64) AppleWebKit/537.36 (KHTML, like Gecko) Chrome/X.X.X.X Safari/537.36"
X.X.X.X - - [DD/Mon/YYYY:HH:MM:SS +0000] "GET /api/clips/996ca65f-7eba-4aca-9934-e500b8317e6d/status HTTP/1.1" 200 101 "https://ganyiq.ganys.me/" "Mozilla/5.0 (Windows NT 10.0; Win64; x64) AppleWebKit/537.36 (KHTML, like Gecko) Chrome/X.X.X.X Safari/537.36"
X.X.X.X - - [DD/Mon/YYYY:HH:MM:SS +0000] "GET /api/clips/996ca65f-7eba-4aca-9934-e500b8317e6d/status HTTP/1.1" 200 101 "https://ganyiq.ganys.me/" "Mozilla/5.0 (Windows NT 10.0; Win64; x64) AppleWebKit/537.36 (KHTML, like Gecko) Chrome/X.X.X.X Safari/537.36"
X.X.X.X - - [DD/Mon/YYYY:HH:MM:SS +0000] "GET /api/clips/996ca65f-7eba-4aca-9934-e500b8317e6d/status HTTP/1.1" 200 101 "https://ganyiq.ganys.me/" "Mozilla/5.0 (Windows NT 10.0; Win64; x64) AppleWebKit/537.36 (KHTML, like Gecko) Chrome/X.X.X.X Safari/537.36"
X.X.X.X - - [DD/Mon/YYYY:HH:MM:SS +0000] "GET /api/clips/996ca65f-7eba-4aca-9934-e500b8317e6d/status HTTP/1.1" 200 101 "https://ganyiq.ganys.me/" "Mozilla/5.0 (Windows NT 10.0; Win64; x64) AppleWebKit/537.36 (KHTML, like Gecko) Chrome/X.X.X.X Safari/537.36"
X.X.X.X - - [DD/Mon/YYYY:HH:MM:SS +0000] "GET /api/clips/996ca65f-7eba-4aca-9934-e500b8317e6d/status HTTP/1.1" 200 176 "https://ganyiq.ganys.me/" "Mozilla/5.0 (Windows NT 10.0; Win64; x64) AppleWebKit/537.36 (KHTML, like Gecko) Chrome/X.X.X.X Safari/537.36"
X.X.X.X - - [DD/Mon/YYYY:HH:MM:SS +0000] "GET /clips/674cd0de-6fb0-473c-b4c4-63513a1a2864_1953s_2031s_vertical.mp4 HTTP/1.1" 200 24924947 "https://ganyiq.ganys.me/" "Mozilla/5.0 (Windows NT 10.0; Win64; x64) AppleWebKit/537.36 (KHTML, like Gecko) Chrome/X.X.X.X Safari/537.36"
X.X.X.X - - [DD/Mon/YYYY:HH:MM:SS +0000] "GET /clips/674cd0de-6fb0-473c-b4c4-63513a1a2864_1953s_2031s_vertical.mp4 HTTP/1.1" 200 24924947 "https://ganyiq.ganys.me/" "Mozilla/5.0 (Windows NT 10.0; Win64; x64) AppleWebKit/537.36 (KHTML, like Gecko) Chrome/X.X.X.X Safari/537.36"
